\BOOKMARK [0][-]{section*.2}{List of Tables}{}% 1
\BOOKMARK [0][-]{section*.4}{List of Figures}{}% 2
\BOOKMARK [0][-]{chapter.1}{What Meanings Do}{}% 3
\BOOKMARK [1][-]{section.1.1}{Introduction}{chapter.1}% 4
\BOOKMARK [1][-]{section.1.2}{Criteria for a Theory of Meaning}{chapter.1}% 5
\BOOKMARK [1][-]{section.1.3}{A Brief History of Semantics}{chapter.1}% 6
\BOOKMARK [2][-]{subsection.1.3.1}{Truth-Theoretic Semantics}{section.1.3}% 7
\BOOKMARK [2][-]{subsection.1.3.2}{Use-Theoretic Semantics}{section.1.3}% 8
\BOOKMARK [1][-]{section.1.4}{Meanings as Inferential Roles}{chapter.1}% 9
\BOOKMARK [2][-]{subsection.1.4.1}{Some Background}{section.1.4}% 10
\BOOKMARK [2][-]{subsection.1.4.2}{The Theory}{section.1.4}% 11
\BOOKMARK [2][-]{subsection.1.4.3}{Methodological Arguments}{section.1.4}% 12
\BOOKMARK [2][-]{subsection.1.4.4}{Evidential Arguments}{section.1.4}% 13
\BOOKMARK [1][-]{section.1.5}{The Criteria and the Road Ahead}{chapter.1}% 14
\BOOKMARK [1][-]{section.1.6}{Conclusion}{chapter.1}% 15
\BOOKMARK [0][-]{chapter.2}{Inferential Roles and Distributed Representations}{}% 16
\BOOKMARK [1][-]{section.2.1}{Introduction}{chapter.2}% 17
\BOOKMARK [1][-]{section.2.2}{Distributional Semantics}{chapter.2}% 18
\BOOKMARK [1][-]{section.2.3}{Word Embeddings}{chapter.2}% 19
\BOOKMARK [2][-]{subsection.2.3.1}{Count-Based Models}{section.2.3}% 20
\BOOKMARK [2][-]{subsection.2.3.2}{Predictive Models}{section.2.3}% 21
\BOOKMARK [2][-]{subsection.2.3.3}{Discussion}{section.2.3}% 22
\BOOKMARK [1][-]{section.2.4}{Phrase and Sentence Embeddings}{chapter.2}% 23
\BOOKMARK [2][-]{subsection.2.4.1}{Additive Models}{section.2.4}% 24
\BOOKMARK [2][-]{subsection.2.4.2}{Multiplicative Models}{section.2.4}% 25
\BOOKMARK [2][-]{subsection.2.4.3}{Sequential Models}{section.2.4}% 26
\BOOKMARK [2][-]{subsection.2.4.4}{Tree-Structured Models}{section.2.4}% 27
\BOOKMARK [2][-]{subsection.2.4.5}{Discussion}{section.2.4}% 28
\BOOKMARK [1][-]{section.2.5}{Predicting Inferential Relationships}{chapter.2}% 29
\BOOKMARK [2][-]{subsection.2.5.1}{The SNLI Corpus}{section.2.5}% 30
\BOOKMARK [2][-]{subsection.2.5.2}{Model Details}{section.2.5}% 31
\BOOKMARK [2][-]{subsection.2.5.3}{Results and Error Analysis}{section.2.5}% 32
\BOOKMARK [2][-]{subsection.2.5.4}{Discussion}{section.2.5}% 33
\BOOKMARK [1][-]{section.2.6}{Conclusion}{chapter.2}% 34
\BOOKMARK [0][-]{chapter.3}{Inferential Roles Made Explicit}{}% 35
\BOOKMARK [1][-]{section.3.1}{Introduction}{chapter.3}% 36
\BOOKMARK [1][-]{section.3.2}{Model Architecture}{chapter.3}% 37
\BOOKMARK [2][-]{subsection.3.2.1}{Tree-Structured Models Revisited}{section.3.2}% 38
\BOOKMARK [2][-]{subsection.3.2.2}{Cost Functions For Entailment Generation}{section.3.2}% 39
\BOOKMARK [1][-]{section.3.3}{Experiments}{chapter.3}% 40
\BOOKMARK [2][-]{subsection.3.3.1}{Model Training}{section.3.3}% 41
\BOOKMARK [2][-]{subsection.3.3.2}{Evaluating Entailment Accuracy}{section.3.3}% 42
\BOOKMARK [2][-]{subsection.3.3.3}{Evaluating Entailment Plausibility}{section.3.3}% 43
\BOOKMARK [2][-]{subsection.3.3.4}{Iteration Analysis}{section.3.3}% 44
\BOOKMARK [2][-]{subsection.3.3.5}{Substitution Analysis}{section.3.3}% 45
\BOOKMARK [2][-]{subsection.3.3.6}{Conditioned Entailments}{section.3.3}% 46
\BOOKMARK [1][-]{section.3.4}{Consequences for Semantic Theory}{chapter.3}% 47
\BOOKMARK [1][-]{section.3.5}{Conclusion}{chapter.3}% 48
\BOOKMARK [0][-]{chapter.4}{Compositionality Reconsidered}{}% 49
\BOOKMARK [1][-]{section.4.1}{Introduction}{chapter.4}% 50
\BOOKMARK [1][-]{section.4.2}{Arguments in Favor of Compositionality}{chapter.4}% 51
\BOOKMARK [2][-]{subsection.4.2.1}{The Argument from Productivity}{section.4.2}% 52
\BOOKMARK [2][-]{subsection.4.2.2}{The Argument from Systematicity}{section.4.2}% 53
\BOOKMARK [2][-]{subsection.4.2.3}{Discussion}{section.4.2}% 54
\BOOKMARK [1][-]{section.4.3}{Three Kinds of Generalization}{chapter.4}% 55
\BOOKMARK [2][-]{subsection.4.3.1}{Similarity-Based Generalization}{section.4.3}% 56
\BOOKMARK [2][-]{subsection.4.3.2}{Syntactic Generalization}{section.4.3}% 57
\BOOKMARK [2][-]{subsection.4.3.3}{Procedural Generalization}{section.4.3}% 58
\BOOKMARK [1][-]{section.4.4}{Generalization in Language Use}{chapter.4}% 59
\BOOKMARK [1][-]{section.4.5}{Is Natural Language Compositional?}{chapter.4}% 60
\BOOKMARK [1][-]{section.4.6}{Conclusion}{chapter.4}% 61
\BOOKMARK [0][-]{chapter.5}{Intentional Interpretation and Cognitive Architecture}{}% 62
\BOOKMARK [1][-]{section.5.1}{Introduction}{chapter.5}% 63
\BOOKMARK [1][-]{section.5.2}{Rethinking Mental Representation}{chapter.5}% 64
\BOOKMARK [2][-]{subsection.5.2.1}{Representation Attributions are Normative}{section.5.2}% 65
\BOOKMARK [2][-]{subsection.5.2.2}{Representation Attributions are Analogical}{section.5.2}% 66
\BOOKMARK [1][-]{section.5.3}{The Social Origins of Intentional Interpretation}{chapter.5}% 67
\BOOKMARK [1][-]{section.5.4}{Concerns with Cognitive Architecture}{chapter.5}% 68
\BOOKMARK [1][-]{section.5.5}{Conclusion}{chapter.5}% 69
\BOOKMARK [0][-]{chapter.6}{Representing in Virtue of Reasoning}{}% 70
\BOOKMARK [1][-]{section.6.1}{Introduction}{chapter.6}% 71
\BOOKMARK [1][-]{section.6.2}{Challenges for Theories of Truth and Reference}{chapter.6}% 72
\BOOKMARK [1][-]{section.6.3}{Language Use and Normative Statuses}{chapter.6}% 73
\BOOKMARK [2][-]{subsection.6.3.1}{Truth as a Direct Normative Status}{section.6.3}% 74
\BOOKMARK [2][-]{subsection.6.3.2}{Reference as an Indirect Normative Status}{section.6.3}% 75
\BOOKMARK [1][-]{section.6.4}{Objectivity and Error}{chapter.6}% 76
\BOOKMARK [1][-]{section.6.5}{Grounding Linguistic Norms in Predictive Adequacy}{chapter.6}% 77
\BOOKMARK [1][-]{section.6.6}{Models, Norms, and Regularities}{chapter.6}% 78
\BOOKMARK [1][-]{section.6.7}{Conclusion}{chapter.6}% 79
\BOOKMARK [0][-]{chapter.7}{How Meanings Do What They Do}{}% 80
\BOOKMARK [1][-]{section.7.1}{Introduction}{chapter.7}% 81
\BOOKMARK [1][-]{section.7.2}{Summarizing the Theory}{chapter.7}% 82
\BOOKMARK [1][-]{section.7.3}{Evaluating the Theory}{chapter.7}% 83
\BOOKMARK [1][-]{section.7.4}{Conclusion}{chapter.7}% 84
\BOOKMARK [0][-]{section*.15}{References}{}% 85
